[LOG] System::create                           : Header version = 1.10.01. Current version = 1.10.01.
[LOG] SystemI::setOutputInternal               : Setting output to type 0
[LOG] Manager::init                            : maxchannels = 1024 studioflags = 00000009 flags 00000000 extradriverdata 0000000000000000.
[LOG] SystemI::init                            : FMOD Studio Version: 00011001 (91339)
[LOG] SystemI::init                            : maxchannels = 1024, flags = 00030000, extradriverdata = 0000000000000000
[LOG] SystemI::setOutputInternal               : Setting output to type 8
[LOG] SystemI::setOutputInternal               : Setting output to type 8
[LOG] SystemI::setOutputInternal               : Setting output to type 8
[LOG] OutputWASAPI::init                       : Mix Format (WAVEFORMATEX): wFormatTag=0xFFFE, nChannels=2, nSamplesPerSec=48000, nAvgBytesPerSec=384000, nBlockAlign=8, wBitsPerSample=32, cbSize=22.
[LOG] OutputWASAPI::init                       : Mix Format (WAVEFORMATEXTENSIBLE): wValidBitsPerSample=32, dwChannelMask=0x00000003, SubFormat=00000003-0000-0010-8000-00AA00389B71.
[LOG] OutputWASAPI::init                       : Output buffer size: 4096 samples, latency: 0.00ms, period: 10.00ms, DSP buffer: 1024 * 4
[LOG] SystemI::init                            : Create master channel group and master sound group.
[LOG] SystemI::init                            : Set up emulated output.  1024 channels
[LOG] SystemI::init                            : create the channel pool
[LOG] SystemI::init                            : create the stream thread
[LOG] Thread::initThread                       : Init FMOD stream thread. Priority: 2, Stack Size: 65536, Semaphore: No, Sleep Time: 10, Looping: Yes.
[LOG] SystemI::DSPCodecPoolRegister            : register codec pool for pool type 5
[LOG] Thread::initThread                       : Init FMOD mixer thread. Priority: 3, Stack Size: 49152, Semaphore: No, Sleep Time: 0, Looping: Yes.
[LOG] AsyncManager::init                       : manager 00000000BF91E988 isAsync 1 updatePeriod 0.02
[LOG] Thread::initThread                       : Init FMOD Studio update thread. Priority: 0, Stack Size: 65536, Semaphore: No, Sleep Time: 1, Looping: No.
[LOG] AsyncManager::init                       : done
[LOG] PlaybackSystem::init                     : 
[LOG] Thread::initThread                       : Init FMOD Studio sample load thread. Priority: 0, Stack Size: 65536, Semaphore: No, Sleep Time: 1, Looping: No.
[LOG] PlaybackSystem::init                     : done
[LOG] LiveUpdate::init                         : 
[LOG] Thread::initThread                       : Init FMOD Studio bank load thread. Priority: 0, Stack Size: 65536, Semaphore: No, Sleep Time: 1, Looping: No.
[LOG] Manager::init                            : done.
[LOG] Profile::init                            : Profiler listening on port: 9264
[LOG] Manager::readBank                        : fileversion = 99, compatVersion = 99 (oldest = 44, newest = 99)
[LOG] Manager::readBank                        : fileversion = 99, compatVersion = 99 (oldest = 44, newest = 99)
[LOG] PlaybackSystem::acquireMasterBus         : Setting master channel group format to 6
[LOG] SystemI::createSoundInternal             : filename =  : mode 02000202
[LOG] SystemI::createSoundInternal             : exinfo->cbsize             = 232
[LOG] SystemI::createSoundInternal             : exinfo->length             = 2877056
[LOG] SystemI::createSoundInternal             : exinfo->fileoffset         = 51680
[LOG] SystemI::createSoundInternal             : exinfo->numsubsounds       = 1
[LOG] SystemI::createSoundInternal             : exinfo->inclusionlist      = 00000000E734F5FC
[LOG] SystemI::createSoundInternal             : exinfo->inclusionlistnum   = 1
[LOG] SystemI::createSoundInternal             : exinfo->suggestedsoundtype = 5
[LOG] SystemI::createSoundInternal             : exinfo->useropen           = 00007FF851A857A0
[LOG] SystemI::createSoundInternal             : exinfo->userclose          = 00007FF851A85770
[LOG] SystemI::createSoundInternal             : exinfo->userread           = 00007FF851A85870
[LOG] SystemI::createSoundInternal             : exinfo->userseek           = 00007FF851A85920
[LOG] SystemI::createSoundInternal             : exinfo->fileuserdata       = 00000000623E31B8
[LOG] SystemI::createSoundInternal             : exinfo->initialseekpostype = 1
[LOG] SystemI::DSPCodecPoolRegister            : register codec pool for pool type 5
[LOG] SystemI::createSoundInternal             : Format has 1 subsounds.
[LOG] SystemI::createSoundInternal             : Create as FMOD_CREATESAMPLE
[LOG] SystemI::createSoundInternal             : Multi-sample sound (1 subsounds), create a sample container.
[LOG] SystemI::createSoundInternal             : creating subsound 0/1
[LOG] SystemI::createSample                    : mode 02000202 length 228631 samples, lengthbytes 63648
[LOG] SystemI::createSample                    : channels = 2
[LOG] SystemI::createSample                    : output = 00000000BF60A598
[LOG] OutputSoftware::createSample             : lengthpcm 228631, lengthbytes 63648, channels 2, format 2, freq 48000, mode 0200020a
[LOG] SystemI::createSoundInternal             : No name found in file, use filename.
[LOG] SystemI::createSoundInternal             : done.  OpenState now = FMOD_OPENSTATE_READY.

[LOG] SystemI::createSoundInternal             : filename =  : mode 02000202
[LOG] SystemI::createSoundInternal             : exinfo->cbsize             = 232
[LOG] SystemI::createSoundInternal             : exinfo->length             = 2877056
[LOG] SystemI::createSoundInternal             : exinfo->fileoffset         = 51680
[LOG] SystemI::createSoundInternal             : exinfo->numsubsounds       = 1
[LOG] SystemI::createSoundInternal             : exinfo->inclusionlist      = 00000000E734F5FC
[LOG] SystemI::createSoundInternal             : exinfo->inclusionlistnum   = 1
[LOG] SystemI::createSoundInternal             : exinfo->suggestedsoundtype = 5
[LOG] SystemI::createSoundInternal             : exinfo->useropen           = 00007FF851A857A0
[LOG] SystemI::createSoundInternal             : exinfo->userclose          = 00007FF851A85770
[LOG] SystemI::createSoundInternal             : exinfo->userread           = 00007FF851A85870
[LOG] SystemI::createSoundInternal             : exinfo->userseek           = 00007FF851A85920
[LOG] SystemI::createSoundInternal             : exinfo->fileuserdata       = 00000000623E31B8
[LOG] SystemI::createSoundInternal             : exinfo->initialseekpostype = 1
[LOG] SystemI::DSPCodecPoolRegister            : register codec pool for pool type 5
[LOG] SystemI::createSoundInternal             : Format has 1 subsounds.
[LOG] SystemI::createSoundInternal             : Create as FMOD_CREATESAMPLE
[LOG] SystemI::createSoundInternal             : Multi-sample sound (1 subsounds), create a sample container.
[LOG] SystemI::createSoundInternal             : creating subsound 0/1
[LOG] SystemI::createSample                    : mode 02000202 length 284440 samples, lengthbytes 85056
[LOG] SystemI::createSample                    : channels = 2
[LOG] SystemI::createSample                    : output = 00000000BF60A598
[LOG] OutputSoftware::createSample             : lengthpcm 284440, lengthbytes 85056, channels 2, format 2, freq 48000, mode 0200020a
[LOG] SystemI::createSoundInternal             : No name found in file, use filename.
[LOG] SystemI::createSoundInternal             : done.  OpenState now = FMOD_OPENSTATE_READY.

[LOG] SystemI::createSound                     : filename = Assets\FMOD\Build\Desktop/Master Bank.bank : mode 02010082
[LOG] SystemI::createSound                     : FMOD_NONBLOCKING specified.  Putting into queue to be opened asynchronously!
[LOG] Thread::initThread                       : Init FMOD nonblocking thread (0). Priority: 1, Stack Size: 81920, Semaphore: Yes, Sleep Time: 0, Looping: Yes.
[LOG] SystemI::createSound                     : setdata soundi = 0000000062478CB8 : node = 00000000BF3720E0
[LOG] SystemI::createSound                     : add node to async list : head = 00000000BF2E56D8.  list count = 0
[LOG] AsyncThread::threadFunc                  : Starting Asynchronous operation on sound 0000000062478CB8
[LOG] SystemI::createSoundInternal             :     filename = Assets\FMOD\Build\Desktop/Master Bank.bank : mode 02010082
[LOG] SystemI::createSoundInternal             :     exinfo->cbsize             = 232
[LOG] SystemI::createSoundInternal             :     exinfo->length             = 2877056
[LOG] SystemI::createSoundInternal             :     exinfo->fileoffset         = 51680
[LOG] SystemI::createSoundInternal             :     exinfo->numsubsounds       = 1
[LOG] SystemI::createSoundInternal             :     exinfo->inclusionlist      = 00000000BF3721F8
[LOG] SystemI::createSoundInternal             :     exinfo->inclusionlistnum   = 1
[LOG] SystemI::createSoundInternal             :     exinfo->suggestedsoundtype = 5
[LOG] SystemI::createSoundInternal             :     exinfo->initialseekpostype = 1
[LOG] SystemI::createSoundInternal             :     Format has 1 subsounds.
[LOG] SystemI::createSoundInternal             :     Create as FMOD_CREATESTREAM
[LOG] System::createSoundInternal              :     decode buffersize = 19200 : blocksize = 256 : format = 2
[LOG] SystemI::createSample                    :     mode 02010082 length 19200 samples, lengthbytes 1051616
[LOG] SystemI::createSample                    :     channels = 2
[LOG] SystemI::createSample                    :     output = 00000000BF60A598
[LOG] OutputSoftware::createSample             :     lengthpcm 19200, lengthbytes 1051616, channels 2, format 2, freq 48000, mode 0201008a
[LOG] System::createSoundInternal              :     1 subsounds detected.
[LOG] System::createSoundInternal              :     Seek stream to start
[LOG] System::createSoundInternal              :     flush stream buffer
[LOG] System::createSoundInternal              :     flush successful.
[LOG] System::createSoundInternal              :     switch file handle from small blocking single buffered to large nonblocking doublebuffered.
[LOG] Thread::initThread                       :         Init FMOD file thread. Priority: 1, Stack Size: 16384, Semaphore: No, Sleep Time: 10, Looping: Yes.
[LOG] SystemI::createSoundInternal             :     done.  OpenState now = FMOD_OPENSTATE_READY.

[LOG] AsyncThread::threadFunc                  : Finished Asynchronous operation on sound 0000000062478CB8
[LOG] SoundI::getSubSound                      : sound 0000000062478CB8.  Subsound index 0 / 1
[LOG] SystemI::createSoundInternal             : filename =  : mode 02000202
[LOG] SystemI::createSoundInternal             : exinfo->cbsize             = 232
[LOG] SystemI::createSoundInternal             : exinfo->length             = 2877056
[LOG] SystemI::createSoundInternal             : exinfo->fileoffset         = 51680
[LOG] SystemI::createSoundInternal             : exinfo->numsubsounds       = 1
[LOG] SystemI::createSoundInternal             : exinfo->inclusionlist      = 00000000E734F5FC
[LOG] SystemI::createSoundInternal             : exinfo->inclusionlistnum   = 1
[LOG] SystemI::createSoundInternal             : exinfo->suggestedsoundtype = 5
[LOG] SystemI::createSoundInternal             : exinfo->useropen           = 00007FF851A857A0
[LOG] SystemI::createSoundInternal             : exinfo->userclose          = 00007FF851A85770
[LOG] SystemI::createSoundInternal             : exinfo->userread           = 00007FF851A85870
[LOG] SystemI::createSoundInternal             : exinfo->userseek           = 00007FF851A85920
[LOG] SystemI::createSoundInternal             : exinfo->fileuserdata       = 00000000D8DBB7F8
[LOG] SystemI::createSoundInternal             : exinfo->initialseekpostype = 1
[LOG] SystemI::DSPCodecPoolRegister            : register codec pool for pool type 5
[LOG] SystemI::createSoundInternal             : Format has 1 subsounds.
[LOG] SystemI::createSoundInternal             : Create as FMOD_CREATESAMPLE
[LOG] SystemI::createSoundInternal             : Multi-sample sound (1 subsounds), create a sample container.
[LOG] SystemI::createSoundInternal             : creating subsound 0/1
[LOG] SystemI::createSample                    : mode 02000202 length 48060 samples, lengthbytes 6880
[LOG] SystemI::createSample                    : channels = 1
[LOG] SystemI::createSample                    : output = 00000000BF60A598
[LOG] OutputSoftware::createSample             : lengthpcm 48060, lengthbytes 6880, channels 1, format 2, freq 48000, mode 0200020a
[LOG] SystemI::createSoundInternal             : No name found in file, use filename.
[LOG] SystemI::createSoundInternal             : done.  OpenState now = FMOD_OPENSTATE_READY.

[ERR] assert                                   : assertion: 'listener >= 0 && listener < numlisteners' failed
[ERR] assert                                   : assertion: 'listener >= 0 && listener < numlisteners' failed
[LOG] SystemI::createSoundInternal             : filename =  : mode 02000202
[LOG] SystemI::createSoundInternal             : exinfo->cbsize             = 232
[LOG] SystemI::createSoundInternal             : exinfo->length             = 2877056
[LOG] SystemI::createSoundInternal             : exinfo->fileoffset         = 51680
[LOG] SystemI::createSoundInternal             : exinfo->numsubsounds       = 1
[LOG] SystemI::createSoundInternal             : exinfo->inclusionlist      = 00000000E734F5FC
[LOG] SystemI::createSoundInternal             : exinfo->inclusionlistnum   = 1
[LOG] SystemI::createSoundInternal             : exinfo->suggestedsoundtype = 5
[LOG] SystemI::createSoundInternal             : exinfo->useropen           = 00007FF851A857A0
[LOG] SystemI::createSoundInternal             : exinfo->userclose          = 00007FF851A85770
[LOG] SystemI::createSoundInternal             : exinfo->userread           = 00007FF851A85870
[LOG] SystemI::createSoundInternal             : exinfo->userseek           = 00007FF851A85920
[LOG] SystemI::createSoundInternal             : exinfo->fileuserdata       = 00000000D918FA78
[LOG] SystemI::createSoundInternal             : exinfo->initialseekpostype = 1
[LOG] SystemI::DSPCodecPoolRegister            : register codec pool for pool type 5
[LOG] SystemI::createSoundInternal             : Format has 1 subsounds.
[LOG] SystemI::createSoundInternal             : Create as FMOD_CREATESAMPLE
[LOG] SystemI::createSoundInternal             : Multi-sample sound (1 subsounds), create a sample container.
[LOG] SystemI::createSoundInternal             : creating subsound 0/1
[LOG] SystemI::createSample                    : mode 02000202 length 37115 samples, lengthbytes 6656
[LOG] SystemI::createSample                    : channels = 1
[LOG] SystemI::createSample                    : output = 00000000BF60A598
[LOG] OutputSoftware::createSample             : lengthpcm 37115, lengthbytes 6656, channels 1, format 2, freq 48000, mode 0200020a
[LOG] SystemI::createSoundInternal             : No name found in file, use filename.
[LOG] SystemI::createSoundInternal             : done.  OpenState now = FMOD_OPENSTATE_READY.

[LOG] SystemI::createSoundInternal             : filename =  : mode 02000202
[LOG] SystemI::createSoundInternal             : exinfo->cbsize             = 232
[LOG] SystemI::createSoundInternal             : exinfo->length             = 2877056
[LOG] SystemI::createSoundInternal             : exinfo->fileoffset         = 51680
[LOG] SystemI::createSoundInternal             : exinfo->numsubsounds       = 1
[LOG] SystemI::createSoundInternal             : exinfo->inclusionlist      = 00000000E734F5FC
[LOG] SystemI::createSoundInternal             : exinfo->inclusionlistnum   = 1
[LOG] SystemI::createSoundInternal             : exinfo->suggestedsoundtype = 5
[LOG] SystemI::createSoundInternal             : exinfo->useropen           = 00007FF851A857A0
[LOG] SystemI::createSoundInternal             : exinfo->userclose          = 00007FF851A85770
[LOG] SystemI::createSoundInternal             : exinfo->userread           = 00007FF851A85870
[LOG] SystemI::createSoundInternal             : exinfo->userseek           = 00007FF851A85920
[LOG] SystemI::createSoundInternal             : exinfo->fileuserdata       = 00000000D918FA78
[LOG] SystemI::createSoundInternal             : exinfo->initialseekpostype = 1
[LOG] SystemI::DSPCodecPoolRegister            : register codec pool for pool type 5
[LOG] SystemI::createSoundInternal             : Format has 1 subsounds.
[LOG] SystemI::createSoundInternal             : Create as FMOD_CREATESAMPLE
[LOG] SystemI::createSoundInternal             : Multi-sample sound (1 subsounds), create a sample container.
[LOG] SystemI::createSoundInternal             : creating subsound 0/1
[LOG] SystemI::createSample                    : mode 02000202 length 34072 samples, lengthbytes 6112
[LOG] SystemI::createSample                    : channels = 1
[LOG] SystemI::createSample                    : output = 00000000BF60A598
[LOG] OutputSoftware::createSample             : lengthpcm 34072, lengthbytes 6112, channels 1, format 2, freq 48000, mode 0200020a
[LOG] SystemI::createSoundInternal             : No name found in file, use filename.
[LOG] SystemI::createSoundInternal             : done.  OpenState now = FMOD_OPENSTATE_READY.

[LOG] SystemI::createSoundInternal             : filename =  : mode 02000202
[LOG] SystemI::createSoundInternal             : exinfo->cbsize             = 232
[LOG] SystemI::createSoundInternal             : exinfo->length             = 2877056
[LOG] SystemI::createSoundInternal             : exinfo->fileoffset         = 51680
[LOG] SystemI::createSoundInternal             : exinfo->numsubsounds       = 1
[LOG] SystemI::createSoundInternal             : exinfo->inclusionlist      = 00000000E734F5FC
[LOG] SystemI::createSoundInternal             : exinfo->inclusionlistnum   = 1
[LOG] SystemI::createSoundInternal             : exinfo->suggestedsoundtype = 5
[LOG] SystemI::createSoundInternal             : exinfo->useropen           = 00007FF851A857A0
[LOG] SystemI::createSoundInternal             : exinfo->userclose          = 00007FF851A85770
[LOG] SystemI::createSoundInternal             : exinfo->userread           = 00007FF851A85870
[LOG] SystemI::createSoundInternal             : exinfo->userseek           = 00007FF851A85920
[LOG] SystemI::createSoundInternal             : exinfo->fileuserdata       = 00000000D918FA78
[LOG] SystemI::createSoundInternal             : exinfo->initialseekpostype = 1
[LOG] SystemI::DSPCodecPoolRegister            : register codec pool for pool type 5
[LOG] SystemI::createSoundInternal             : Format has 1 subsounds.
[LOG] SystemI::createSoundInternal             : Create as FMOD_CREATESAMPLE
[LOG] SystemI::createSoundInternal             : Multi-sample sound (1 subsounds), create a sample container.
[LOG] SystemI::createSoundInternal             : creating subsound 0/1
[LOG] SystemI::createSample                    : mode 02000202 length 35259 samples, lengthbytes 6432
[LOG] SystemI::createSample                    : channels = 1
[LOG] SystemI::createSample                    : output = 00000000BF60A598
[LOG] OutputSoftware::createSample             : lengthpcm 35259, lengthbytes 6432, channels 1, format 2, freq 48000, mode 0200020a
[LOG] SystemI::createSoundInternal             : No name found in file, use filename.
[LOG] SystemI::createSoundInternal             : done.  OpenState now = FMOD_OPENSTATE_READY.

[LOG] SystemI::createSoundInternal             : filename =  : mode 02000202
[LOG] SystemI::createSoundInternal             : exinfo->cbsize             = 232
[LOG] SystemI::createSoundInternal             : exinfo->length             = 2877056
[LOG] SystemI::createSoundInternal             : exinfo->fileoffset         = 51680
[LOG] SystemI::createSoundInternal             : exinfo->numsubsounds       = 1
[LOG] SystemI::createSoundInternal             : exinfo->inclusionlist      = 00000000E734F5FC
[LOG] SystemI::createSoundInternal             : exinfo->inclusionlistnum   = 1
[LOG] SystemI::createSoundInternal             : exinfo->suggestedsoundtype = 5
[LOG] SystemI::createSoundInternal             : exinfo->useropen           = 00007FF851A857A0
[LOG] SystemI::createSoundInternal             : exinfo->userclose          = 00007FF851A85770
[LOG] SystemI::createSoundInternal             : exinfo->userread           = 00007FF851A85870
[LOG] SystemI::createSoundInternal             : exinfo->userseek           = 00007FF851A85920
[LOG] SystemI::createSoundInternal             : exinfo->fileuserdata       = 00000000D918FA78
[LOG] SystemI::createSoundInternal             : exinfo->initialseekpostype = 1
[LOG] SystemI::DSPCodecPoolRegister            : register codec pool for pool type 5
[LOG] SystemI::createSoundInternal             : Format has 1 subsounds.
[LOG] SystemI::createSoundInternal             : Create as FMOD_CREATESAMPLE
[LOG] SystemI::createSoundInternal             : Multi-sample sound (1 subsounds), create a sample container.
[LOG] SystemI::createSoundInternal             : creating subsound 0/1
[LOG] SystemI::createSample                    : mode 02000202 length 36305 samples, lengthbytes 6624
[LOG] SystemI::createSample                    : channels = 1
[LOG] SystemI::createSample                    : output = 00000000BF60A598
[LOG] OutputSoftware::createSample             : lengthpcm 36305, lengthbytes 6624, channels 1, format 2, freq 48000, mode 0200020a
[LOG] SystemI::createSoundInternal             : No name found in file, use filename.
[LOG] SystemI::createSoundInternal             : done.  OpenState now = FMOD_OPENSTATE_READY.

[LOG] SystemI::createSoundInternal             : filename =  : mode 02000202
[LOG] SystemI::createSoundInternal             : exinfo->cbsize             = 232
[LOG] SystemI::createSoundInternal             : exinfo->length             = 2877056
[LOG] SystemI::createSoundInternal             : exinfo->fileoffset         = 51680
[LOG] SystemI::createSoundInternal             : exinfo->numsubsounds       = 1
[LOG] SystemI::createSoundInternal             : exinfo->inclusionlist      = 00000000E734F5FC
[LOG] SystemI::createSoundInternal             : exinfo->inclusionlistnum   = 1
[LOG] SystemI::createSoundInternal             : exinfo->suggestedsoundtype = 5
[LOG] SystemI::createSoundInternal             : exinfo->useropen           = 00007FF851A857A0
[LOG] SystemI::createSoundInternal             : exinfo->userclose          = 00007FF851A85770
[LOG] SystemI::createSoundInternal             : exinfo->userread           = 00007FF851A85870
[LOG] SystemI::createSoundInternal             : exinfo->userseek           = 00007FF851A85920
[LOG] SystemI::createSoundInternal             : exinfo->fileuserdata       = 00000000D918FA78
[LOG] SystemI::createSoundInternal             : exinfo->initialseekpostype = 1
[LOG] SystemI::DSPCodecPoolRegister            : register codec pool for pool type 5
[LOG] SystemI::createSoundInternal             : Format has 1 subsounds.
[LOG] SystemI::createSoundInternal             : Create as FMOD_CREATESAMPLE
[LOG] SystemI::createSoundInternal             : Multi-sample sound (1 subsounds), create a sample container.
[LOG] SystemI::createSoundInternal             : creating subsound 0/1
[LOG] SystemI::createSample                    : mode 02000202 length 44948 samples, lengthbytes 10016
[LOG] SystemI::createSample                    : channels = 1
[LOG] SystemI::createSample                    : output = 00000000BF60A598
[LOG] OutputSoftware::createSample             : lengthpcm 44948, lengthbytes 10016, channels 1, format 2, freq 48000, mode 0200020a
[LOG] SystemI::createSoundInternal             : No name found in file, use filename.
[LOG] SystemI::createSoundInternal             : done.  OpenState now = FMOD_OPENSTATE_READY.

[LOG] SystemI::createSoundInternal             : filename =  : mode 02000202
[LOG] SystemI::createSoundInternal             : exinfo->cbsize             = 232
[LOG] SystemI::createSoundInternal             : exinfo->length             = 2877056
[LOG] SystemI::createSoundInternal             : exinfo->fileoffset         = 51680
[LOG] SystemI::createSoundInternal             : exinfo->numsubsounds       = 1
[LOG] SystemI::createSoundInternal             : exinfo->inclusionlist      = 00000000E734F5FC
[LOG] SystemI::createSoundInternal             : exinfo->inclusionlistnum   = 1
[LOG] SystemI::createSoundInternal             : exinfo->suggestedsoundtype = 5
[LOG] SystemI::createSoundInternal             : exinfo->useropen           = 00007FF851A857A0
[LOG] SystemI::createSoundInternal             : exinfo->userclose          = 00007FF851A85770
[LOG] SystemI::createSoundInternal             : exinfo->userread           = 00007FF851A85870
[LOG] SystemI::createSoundInternal             : exinfo->userseek           = 00007FF851A85920
[LOG] SystemI::createSoundInternal             : exinfo->fileuserdata       = 00000000D918FA78
[LOG] SystemI::createSoundInternal             : exinfo->initialseekpostype = 1
[LOG] SystemI::DSPCodecPoolRegister            : register codec pool for pool type 5
[LOG] SystemI::createSoundInternal             : Format has 1 subsounds.
[LOG] SystemI::createSoundInternal             : Create as FMOD_CREATESAMPLE
[LOG] SystemI::createSoundInternal             : Multi-sample sound (1 subsounds), create a sample container.
[LOG] SystemI::createSoundInternal             : creating subsound 0/1
[LOG] SystemI::createSample                    : mode 02000202 length 35304 samples, lengthbytes 6272
[LOG] SystemI::createSample                    : channels = 1
[LOG] SystemI::createSample                    : output = 00000000BF60A598
[LOG] OutputSoftware::createSample             : lengthpcm 35304, lengthbytes 6272, channels 1, format 2, freq 48000, mode 0200020a
[LOG] SystemI::createSoundInternal             : No name found in file, use filename.
[LOG] SystemI::createSoundInternal             : done.  OpenState now = FMOD_OPENSTATE_READY.

[ERR] assert                                   : assertion: 'listener >= 0 && listener < numlisteners' failed
[LOG] SystemI::createSoundInternal             : filename =  : mode 02000202
[LOG] SystemI::createSoundInternal             : exinfo->cbsize             = 232
[LOG] SystemI::createSoundInternal             : exinfo->length             = 2877056
[LOG] SystemI::createSoundInternal             : exinfo->fileoffset         = 51680
[LOG] SystemI::createSoundInternal             : exinfo->numsubsounds       = 1
[LOG] SystemI::createSoundInternal             : exinfo->inclusionlist      = 00000000E734F5FC
[LOG] SystemI::createSoundInternal             : exinfo->inclusionlistnum   = 1
[LOG] SystemI::createSoundInternal             : exinfo->suggestedsoundtype = 5
[LOG] SystemI::createSoundInternal             : exinfo->useropen           = 00007FF851A857A0
[LOG] SystemI::createSoundInternal             : exinfo->userclose          = 00007FF851A85770
[LOG] SystemI::createSoundInternal             : exinfo->userread           = 00007FF851A85870
[LOG] SystemI::createSoundInternal             : exinfo->userseek           = 00007FF851A85920
[LOG] SystemI::createSoundInternal             : exinfo->fileuserdata       = 00000000D918FC98
[LOG] SystemI::createSoundInternal             : exinfo->initialseekpostype = 1
[LOG] SystemI::DSPCodecPoolRegister            : register codec pool for pool type 5
[LOG] SystemI::createSoundInternal             : Format has 1 subsounds.
[LOG] SystemI::createSoundInternal             : Create as FMOD_CREATESAMPLE
[LOG] SystemI::createSoundInternal             : Multi-sample sound (1 subsounds), create a sample container.
[LOG] SystemI::createSoundInternal             : creating subsound 0/1
[LOG] SystemI::createSample                    : mode 02000202 length 290748 samples, lengthbytes 60320
[LOG] SystemI::createSample                    : channels = 2
[LOG] SystemI::createSample                    : output = 00000000BF60A598
[LOG] OutputSoftware::createSample             : lengthpcm 290748, lengthbytes 60320, channels 2, format 2, freq 48000, mode 0200020a
[LOG] SystemI::createSoundInternal             : No name found in file, use filename.
[LOG] SystemI::createSoundInternal             : done.  OpenState now = FMOD_OPENSTATE_READY.

[LOG] SystemI::createSound                     : filename = Assets\FMOD\Build\Desktop/Master Bank.bank : mode 02010082
[LOG] SystemI::createSound                     : FMOD_NONBLOCKING specified.  Putting into queue to be opened asynchronously!
[LOG] SystemI::createSound                     : setdata soundi = 0000000062477878 : node = 000000001C3B1DA0
[LOG] SystemI::createSound                     : add node to async list : head = 00000000BF2E56D8.  list count = 0
[LOG] AsyncThread::threadFunc                  : Starting Asynchronous operation on sound 0000000062477878
[LOG] SystemI::createSoundInternal             :     filename = Assets\FMOD\Build\Desktop/Master Bank.bank : mode 02010082
[LOG] SystemI::createSoundInternal             :     exinfo->cbsize             = 232
[LOG] SystemI::createSoundInternal             :     exinfo->length             = 2877056
[LOG] SystemI::createSoundInternal             :     exinfo->fileoffset         = 51680
[LOG] SystemI::createSoundInternal             :     exinfo->numsubsounds       = 1
[LOG] SystemI::createSoundInternal             :     exinfo->inclusionlist      = 000000001C3B1EB8
[LOG] SystemI::createSoundInternal             :     exinfo->inclusionlistnum   = 1
[LOG] SystemI::createSoundInternal             :     exinfo->suggestedsoundtype = 5
[LOG] SystemI::createSoundInternal             :     exinfo->initialseekpostype = 1
[LOG] SystemI::createSound                     :     filename = Assets\FMOD\Build\Desktop/Master Bank.bank : mode 02010082
[LOG] SystemI::createSound                     :     FMOD_NONBLOCKING specified.  Putting into queue to be opened asynchronously!
[LOG] SystemI::createSound                     :     setdata soundi = 0000000062478958 : node = 00000000BEE53F80
[LOG] SystemI::createSound                     :     add node to async list : head = 00000000BF2E56D8.  list count = 0
[LOG] SystemI::createSoundInternal             :     Format has 1 subsounds.
[LOG] SystemI::createSoundInternal             :     Create as FMOD_CREATESTREAM
[LOG] System::createSoundInternal              :     decode buffersize = 19200 : blocksize = 256 : format = 2
[LOG] SystemI::createSample                    :     mode 02010082 length 19200 samples, lengthbytes 118016
[LOG] SystemI::createSample                    :     channels = 2
[LOG] SystemI::createSample                    :     output = 00000000BF60A598
[LOG] OutputSoftware::createSample             :     lengthpcm 19200, lengthbytes 118016, channels 2, format 2, freq 48000, mode 0201008a
[LOG] System::createSoundInternal              :     1 subsounds detected.
[LOG] System::createSoundInternal              :     Seek stream to start
[LOG] System::createSoundInternal              :     flush stream buffer
[LOG] System::createSoundInternal              :     flush successful.
[LOG] System::createSoundInternal              :     switch file handle from small blocking single buffered to large nonblocking doublebuffered.
[LOG] SystemI::createSoundInternal             :     done.  OpenState now = FMOD_OPENSTATE_READY.

[LOG] AsyncThread::threadFunc                  : Finished Asynchronous operation on sound 0000000062477878
[LOG] AsyncThread::threadFunc                  : Starting Asynchronous operation on sound 0000000062478958
[LOG] SystemI::createSoundInternal             :     filename = Assets\FMOD\Build\Desktop/Master Bank.bank : mode 02010082
[LOG] SystemI::createSoundInternal             :     exinfo->cbsize             = 232
[LOG] SystemI::createSoundInternal             :     exinfo->length             = 2877056
[LOG] SystemI::createSoundInternal             :     exinfo->fileoffset         = 51680
[LOG] SystemI::createSoundInternal             :     exinfo->numsubsounds       = 1
[LOG] SystemI::createSoundInternal             :     exinfo->inclusionlist      = 00000000BEE54098
[LOG] SystemI::createSoundInternal             :     exinfo->inclusionlistnum   = 1
[LOG] SystemI::createSoundInternal             :     exinfo->suggestedsoundtype = 5
[LOG] SystemI::createSoundInternal             :     exinfo->initialseekpostype = 1
[LOG] SystemI::createSoundInternal             :     Format has 1 subsounds.
[LOG] SystemI::createSoundInternal             :     Create as FMOD_CREATESTREAM
[LOG] System::createSoundInternal              :     decode buffersize = 19200 : blocksize = 256 : format = 2
[LOG] SystemI::createSample                    :     mode 02010082 length 19200 samples, lengthbytes 118016
[LOG] SystemI::createSample                    :     channels = 2
[LOG] SystemI::createSample                    :     output = 00000000BF60A598
[LOG] OutputSoftware::createSample             :     lengthpcm 19200, lengthbytes 118016, channels 2, format 2, freq 48000, mode 0201008a
[LOG] System::createSoundInternal              :     1 subsounds detected.
[LOG] System::createSoundInternal              :     Seek stream to start
[LOG] System::createSoundInternal              :     flush stream buffer
[LOG] System::createSoundInternal              :     flush successful.
[LOG] System::createSoundInternal              :     switch file handle from small blocking single buffered to large nonblocking doublebuffered.
[LOG] SystemI::createSoundInternal             :     done.  OpenState now = FMOD_OPENSTATE_READY.

[LOG] AsyncThread::threadFunc                  : Finished Asynchronous operation on sound 0000000062478958
[LOG] SoundI::getSubSound                      : sound 0000000062478958.  Subsound index 0 / 1
[LOG] SoundI::getSubSound                      : sound 0000000062477878.  Subsound index 0 / 1
[LOG] SoundI::release                          : Countdown 10sec effects (0000000062477878)
[LOG] SoundI::release                          : remove stream samples. (0000000062477878)
[LOG] SoundI::release                          :     Countdown 10sec effects (000000003F21AD58)
[LOG] SoundI::release                          :     done
[LOG] SoundI::release                          : release subsounds. (0000000062477878)
[LOG] SoundI::release                          :     Countdown 10sec effects (0000000062477A28)
[LOG] SoundI::release                          :     done
[LOG] SoundI::release                          : release codec. (0000000062477878)
[LOG] SoundI::release                          : done
[LOG] SoundI::release                          : Countdown 10sec effects (0000000062478958)
[LOG] SoundI::release                          : remove stream samples. (0000000062478958)
[LOG] SoundI::release                          :     Countdown 10sec effects (000000003F21B3D8)
[LOG] SoundI::release                          :     done
[LOG] SoundI::release                          : release subsounds. (0000000062478958)
[LOG] SoundI::release                          :     Countdown 10sec effects (0000000062477D88)
[LOG] SoundI::release                          :     done
[LOG] SoundI::release                          : release codec. (0000000062478958)
[LOG] SoundI::release                          : done
[LOG] SystemI::createSoundInternal             : filename =  : mode 02000202
[LOG] SystemI::createSoundInternal             : exinfo->cbsize             = 232
[LOG] SystemI::createSoundInternal             : exinfo->length             = 2877056
[LOG] SystemI::createSoundInternal             : exinfo->fileoffset         = 51680
[LOG] SystemI::createSoundInternal             : exinfo->numsubsounds       = 1
[LOG] SystemI::createSoundInternal             : exinfo->inclusionlist      = 00000000E734F5FC
[LOG] SystemI::createSoundInternal             : exinfo->inclusionlistnum   = 1
[LOG] SystemI::createSoundInternal             : exinfo->suggestedsoundtype = 5
[LOG] SystemI::createSoundInternal             : exinfo->useropen           = 00007FF851A857A0
[LOG] SystemI::createSoundInternal             : exinfo->userclose          = 00007FF851A85770
[LOG] SystemI::createSoundInternal             : exinfo->userread           = 00007FF851A85870
[LOG] SystemI::createSoundInternal             : exinfo->userseek           = 00007FF851A85920
[LOG] SystemI::createSoundInternal             : exinfo->fileuserdata       = 00000000D8DBAF78
[LOG] SystemI::createSoundInternal             : exinfo->initialseekpostype = 1
[LOG] SystemI::DSPCodecPoolRegister            : register codec pool for pool type 5
[LOG] SystemI::createSoundInternal             : Format has 1 subsounds.
[LOG] SystemI::createSoundInternal             : Create as FMOD_CREATESAMPLE
[LOG] SystemI::createSoundInternal             : Multi-sample sound (1 subsounds), create a sample container.
[LOG] SystemI::createSoundInternal             : creating subsound 0/1
[LOG] SystemI::createSample                    : mode 02000202 length 20906 samples, lengthbytes 3616
[LOG] SystemI::createSample                    : channels = 1
[LOG] SystemI::createSample                    : output = 00000000BF60A598
[LOG] OutputSoftware::createSample             : lengthpcm 20906, lengthbytes 3616, channels 1, format 2, freq 48000, mode 0200020a
[LOG] SystemI::createSoundInternal             : No name found in file, use filename.
[LOG] SystemI::createSoundInternal             : done.  OpenState now = FMOD_OPENSTATE_READY.

[LOG] SystemI::createSoundInternal             : filename =  : mode 02000202
[LOG] SystemI::createSoundInternal             : exinfo->cbsize             = 232
[LOG] SystemI::createSoundInternal             : exinfo->length             = 2877056
[LOG] SystemI::createSoundInternal             : exinfo->fileoffset         = 51680
[LOG] SystemI::createSoundInternal             : exinfo->numsubsounds       = 1
[LOG] SystemI::createSoundInternal             : exinfo->inclusionlist      = 00000000E734F5FC
[LOG] SystemI::createSoundInternal             : exinfo->inclusionlistnum   = 1
[LOG] SystemI::createSoundInternal             : exinfo->suggestedsoundtype = 5
[LOG] SystemI::createSoundInternal             : exinfo->useropen           = 00007FF851A857A0
[LOG] SystemI::createSoundInternal             : exinfo->userclose          = 00007FF851A85770
[LOG] SystemI::createSoundInternal             : exinfo->userread           = 00007FF851A85870
[LOG] SystemI::createSoundInternal             : exinfo->userseek           = 00007FF851A85920
[LOG] SystemI::createSoundInternal             : exinfo->fileuserdata       = 00000000D8DBAF78
[LOG] SystemI::createSoundInternal             : exinfo->initialseekpostype = 1
[LOG] SystemI::DSPCodecPoolRegister            : register codec pool for pool type 5
[LOG] SystemI::createSoundInternal             : Format has 1 subsounds.
[LOG] SystemI::createSoundInternal             : Create as FMOD_CREATESAMPLE
[LOG] SystemI::createSoundInternal             : Multi-sample sound (1 subsounds), create a sample container.
[LOG] SystemI::createSoundInternal             : creating subsound 0/1
[LOG] SystemI::createSample                    : mode 02000202 length 21224 samples, lengthbytes 3616
[LOG] SystemI::createSample                    : channels = 1
[LOG] SystemI::createSample                    : output = 00000000BF60A598
[LOG] OutputSoftware::createSample             : lengthpcm 21224, lengthbytes 3616, channels 1, format 2, freq 48000, mode 0200020a
[LOG] SystemI::createSoundInternal             : No name found in file, use filename.
[LOG] SystemI::createSoundInternal             : done.  OpenState now = FMOD_OPENSTATE_READY.

[LOG] SystemI::createSoundInternal             : filename =  : mode 02000202
[LOG] SystemI::createSoundInternal             : exinfo->cbsize             = 232
[LOG] SystemI::createSoundInternal             : exinfo->length             = 2877056
[LOG] SystemI::createSoundInternal             : exinfo->fileoffset         = 51680
[LOG] SystemI::createSoundInternal             : exinfo->numsubsounds       = 1
[LOG] SystemI::createSoundInternal             : exinfo->inclusionlist      = 00000000E734F5FC
[LOG] SystemI::createSoundInternal             : exinfo->inclusionlistnum   = 1
[LOG] SystemI::createSoundInternal             : exinfo->suggestedsoundtype = 5
[LOG] SystemI::createSoundInternal             : exinfo->useropen           = 00007FF851A857A0
[LOG] SystemI::createSoundInternal             : exinfo->userclose          = 00007FF851A85770
[LOG] SystemI::createSoundInternal             : exinfo->userread           = 00007FF851A85870
[LOG] SystemI::createSoundInternal             : exinfo->userseek           = 00007FF851A85920
[LOG] SystemI::createSoundInternal             : exinfo->fileuserdata       = 00000000D8DBAF78
[LOG] SystemI::createSoundInternal             : exinfo->initialseekpostype = 1
[LOG] SystemI::DSPCodecPoolRegister            : register codec pool for pool type 5
[LOG] SystemI::createSoundInternal             : Format has 1 subsounds.
[LOG] SystemI::createSoundInternal             : Create as FMOD_CREATESAMPLE
[LOG] SystemI::createSoundInternal             : Multi-sample sound (1 subsounds), create a sample container.
[LOG] SystemI::createSoundInternal             : creating subsound 0/1
[LOG] SystemI::createSample                    : mode 02000202 length 21381 samples, lengthbytes 3648
[LOG] SystemI::createSample                    : channels = 1
[LOG] SystemI::createSample                    : output = 00000000BF60A598
[LOG] OutputSoftware::createSample             : lengthpcm 21381, lengthbytes 3648, channels 1, format 2, freq 48000, mode 0200020a
[LOG] SystemI::createSoundInternal             : No name found in file, use filename.
[LOG] SystemI::createSoundInternal             : done.  OpenState now = FMOD_OPENSTATE_READY.

[LOG] SoundI::release                          : intro_start (0000000062478CB8)
[LOG] SoundI::release                          : remove stream samples. (0000000062478CB8)
[LOG] SoundI::release                          :     intro_start (00000000BF2E53E8)
[LOG] SoundI::release                          :     done
[LOG] SoundI::release                          : release subsounds. (0000000062478CB8)
[LOG] SoundI::release                          :     intro_start (00000000624776C8)
[LOG] SoundI::release                          :     done
[LOG] SoundI::release                          : release codec. (0000000062478CB8)
[LOG] SoundI::release                          : done
[LOG] SoundI::release                          :  (00000000D8DF4338)
[LOG] SoundI::release                          : release subsounds. (00000000D8DF4338)
[LOG] SoundI::release                          :     Impact_Boom_Distorted_02 (000000003F21ABB8)
[LOG] SoundI::release                          :     done
[LOG] SoundI::release                          : release codec. (00000000D8DF4338)
[LOG] SoundI::release                          : done
[LOG] SoundI::release                          :  (00000000BEFF0FE8)
[LOG] SoundI::release                          : release subsounds. (00000000BEFF0FE8)
[LOG] SoundI::release                          :     Spark_Zap_01 (000000003F21AEF8)
[LOG] SoundI::release                          :     done
[LOG] SoundI::release                          : release codec. (00000000BEFF0FE8)
[LOG] SoundI::release                          : done
[LOG] SoundI::release                          :  (00000000BEFF0D08)
[LOG] SoundI::release                          : release subsounds. (00000000BEFF0D08)
[LOG] SoundI::release                          :     Footstep_Metal_Robot5 (000000003F21A538)
[LOG] SoundI::release                          :     done
[LOG] SoundI::release                          : release codec. (00000000BEFF0D08)
[LOG] SoundI::release                          : done
[LOG] SoundI::release                          :  (00000000BEFF08B8)
[LOG] SoundI::release                          : release subsounds. (00000000BEFF08B8)
[LOG] SoundI::release                          :     Footstep_Metal_Robot1 (00000000BF2E58C8)
[LOG] SoundI::release                          :     done
[LOG] SoundI::release                          : release codec. (00000000BEFF08B8)
[LOG] SoundI::release                          : done
[LOG] SoundI::release                          :  (00000000BEFF12C8)
[LOG] SoundI::release                          : release subsounds. (00000000BEFF12C8)
[LOG] SoundI::release                          :     Footstep_Metal_Robot2 (000000003F21A058)
[LOG] SoundI::release                          :     done
[LOG] SoundI::release                          : release codec. (00000000BEFF12C8)
[LOG] SoundI::release                          : done
[LOG] SoundI::release                          :  (00000000BEFF0E78)
[LOG] SoundI::release                          : release subsounds. (00000000BEFF0E78)
[LOG] SoundI::release                          :     Footstep_Metal_Robot3 (000000003F219EB8)
[LOG] SoundI::release                          :     done
[LOG] SoundI::release                          : release codec. (00000000BEFF0E78)
[LOG] SoundI::release                          : done
[LOG] SoundI::release                          :  (00000000BEFF0A28)
[LOG] SoundI::release                          : release subsounds. (00000000BEFF0A28)
[LOG] SoundI::release                          :     Footstep_Metal_Robot4 (00000000BF2E3EC8)
[LOG] SoundI::release                          :     done
[LOG] SoundI::release                          : release codec. (00000000BEFF0A28)
[LOG] SoundI::release                          : done
[LOG] SoundI::release                          :  (00000000D8DF5308)
[LOG] SoundI::release                          : release subsounds. (00000000D8DF5308)
[LOG] SoundI::release                          :     A_Skill_Assault_Grapple_Whoosh_A1_V2_Omni (000000003F21A1F8)
[LOG] SoundI::release                          :     done
[LOG] SoundI::release                          : release codec. (00000000D8DF5308)
[LOG] SoundI::release                          : done
[LOG] SoundI::release                          :  (00000000D8DF4788)
[LOG] SoundI::release                          : release subsounds. (00000000D8DF4788)
[LOG] SoundI::release                          :     A_Skill_Assault_Grapple_Whoosh_A2_V2_Omni (000000003F21A6D8)
[LOG] SoundI::release                          :     done
[LOG] SoundI::release                          : release codec. (00000000D8DF4788)
[LOG] SoundI::release                          : done
[LOG] SoundI::release                          :  (00000000D8DF5A38)
[LOG] SoundI::release                          : release subsounds. (00000000D8DF5A38)
[LOG] SoundI::release                          :     A_Skill_Assault_Grapple_Whoosh_A3_V2_Omni (000000003F21AD58)
[LOG] SoundI::release                          :     done
[LOG] SoundI::release                          : release codec. (00000000D8DF5A38)
[LOG] SoundI::release                          : done
[LOG] SoundI::release                          :  (00000000BEFF05D8)
[LOG] SoundI::release                          : release subsounds. (00000000BEFF05D8)
[LOG] SoundI::release                          :     Boss_Laser_Projectile_loop (00000000BF2E5728)
[LOG] SoundI::release                          :     done
[LOG] SoundI::release                          : release codec. (00000000BEFF05D8)
[LOG] SoundI::release                          : done
[LOG] SoundI::release                          :  (00000000D8DF44A8)
[LOG] SoundI::release                          : release subsounds. (00000000D8DF44A8)
[LOG] SoundI::release                          :     mid_loop (00000000BF2E4BC8)
[LOG] SoundI::release                          :     done
[LOG] SoundI::release                          : release codec. (00000000D8DF44A8)
[LOG] SoundI::release                          : done
[LOG] SoundI::release                          :  (00000000D8DF4EB8)
[LOG] SoundI::release                          : release subsounds. (00000000D8DF4EB8)
[LOG] SoundI::release                          :     amb_arenacrowdcheerloud_lp (00000000BF2E5248)
[LOG] SoundI::release                          :     done
[LOG] SoundI::release                          : release codec. (00000000D8DF4EB8)
[LOG] SoundI::release                          : done
[LOG] Thread::callback                         : FMOD Studio update thread finished.
[LOG] Thread::callback                         : FMOD Studio bank load thread finished.
[LOG] Profile::disconnectAll                   : Profiler disconnecting all clients
[LOG] Thread::callback                         : FMOD Studio sample load thread finished.
[LOG] LiveUpdate::release                      : 
[LOG] LiveUpdate::reset                        : Reset connection (reason Disconnected)
[LOG] SystemI::close                           : 
[LOG] SystemI::close                           : Stop all sounds
[LOG] Thread::callback                         : FMOD stream thread finished.
[LOG] SystemI::close                           : Stream thread destroyed
[LOG] Thread::callback                         : FMOD mixer thread finished.
[LOG] Profile::disconnectAll                   : Profiler disconnecting all clients
[LOG] SystemI::close                           : Free master channel group.
[LOG] SystemI::close                           : Remove 'master' sound group.
[LOG] SystemI::close                           : Free software output.
[LOG] SystemI::close                           : Free emulated output.
[LOG] SystemI::close                           : Free channel pool.
[LOG] Thread::callback                         : FMOD nonblocking thread (0) finished.
[LOG] Thread::callback                         : FMOD file thread finished.
[LOG] SystemI::close                           : done.

